2012/02/10 06:14:40 [error] [system.db.CDbCommand] CDbCommand::fetchAll() failed: SQLSTATE[42S02]: Base table or view not found: 1146 Table 'jxc_zpjb.user_test' doesn't exist. The SQL statement executed was: SHOW COLUMNS FROM `user_test`.
in E:\wamp\www\yiitest\index.php (13)
2012/02/10 06:14:55 [error] [system.db.CDbCommand] CDbCommand::fetchAll() failed: SQLSTATE[42S02]: Base table or view not found: 1146 Table 'jxc_zpjb.test_user' doesn't exist. The SQL statement executed was: SHOW COLUMNS FROM `test_user`.
in E:\wamp\www\yiitest\index.php (13)
2012/03/20 07:18:02 [error] [system.db.CDbCommand] CDbCommand::fetchAll() failed: SQLSTATE[42S02]: Base table or view not found: 1146 Table 'jxc_zpjb.member' doesn't exist. The SQL statement executed was: SHOW COLUMNS FROM `member`.
in E:\wamp\www\yiitest\index.php (13)
2012/03/20 07:18:39 [error] [exception.CDbException] exception 'CDbException' with message 'CDbConnection failed to open the DB connection: SQLSTATE[42000] [1049] Unknown database 'jxctest'' in E:\wamp\www\framework\db\CDbConnection.php:364
Stack trace:
#0 E:\wamp\www\framework\db\CDbConnection.php(313): CDbConnection->open()
#1 E:\wamp\www\framework\db\CDbConnection.php(291): CDbConnection->setActive(true)
#2 E:\wamp\www\framework\base\CModule.php(372): CDbConnection->init()
#3 E:\wamp\www\framework\base\CModule.php(86): CModule->getComponent('db')
#4 E:\wamp\www\framework\gii\generators\model\ModelCode.php(54): CModule->__get('db')
#5 E:\wamp\www\framework\web\CFormModel.php(40): ModelCode->init()
#6 E:\wamp\www\framework\gii\CCodeGenerator.php(149): CFormModel->__construct()
#7 E:\wamp\www\framework\gii\CCodeGenerator.php(61): CCodeGenerator->prepare()
#8 E:\wamp\www\framework\web\actions\CInlineAction.php(50): CCodeGenerator->actionIndex()
#9 E:\wamp\www\framework\web\CController.php(300): CInlineAction->runWithParams(Array)
#10 E:\wamp\www\framework\web\CController.php(278): CController->runAction(Object(CInlineAction))
#11 E:\wamp\www\framework\web\CController.php(257): CController->runActionWithFilters(Object(CInlineAction), Array)
#12 E:\wamp\www\framework\web\CWebApplication.php(277): CController->run('')
#13 E:\wamp\www\framework\web\CWebApplication.php(136): CWebApplication->runController('gii/model')
#14 E:\wamp\www\framework\base\CApplication.php(158): CWebApplication->processRequest()
#15 E:\wamp\www\yiitest\index.php(13): CApplication->run()
#16 {main} REQUEST_URI=/yiitest/index.php?r=gii/model
2012/03/20 07:18:48 [error] [exception.CDbException] exception 'CDbException' with message 'CDbConnection failed to open the DB connection: SQLSTATE[42000] [1049] Unknown database 'jxctest'' in E:\wamp\www\framework\db\CDbConnection.php:364
Stack trace:
#0 E:\wamp\www\framework\db\CDbConnection.php(313): CDbConnection->open()
#1 E:\wamp\www\framework\db\CDbConnection.php(291): CDbConnection->setActive(true)
#2 E:\wamp\www\framework\base\CModule.php(372): CDbConnection->init()
#3 E:\wamp\www\framework\base\CModule.php(86): CModule->getComponent('db')
#4 E:\wamp\www\framework\gii\generators\model\ModelCode.php(54): CModule->__get('db')
#5 E:\wamp\www\framework\web\CFormModel.php(40): ModelCode->init()
#6 E:\wamp\www\framework\gii\CCodeGenerator.php(149): CFormModel->__construct()
#7 E:\wamp\www\framework\gii\CCodeGenerator.php(61): CCodeGenerator->prepare()
#8 E:\wamp\www\framework\web\actions\CInlineAction.php(50): CCodeGenerator->actionIndex()
#9 E:\wamp\www\framework\web\CController.php(300): CInlineAction->runWithParams(Array)
#10 E:\wamp\www\framework\web\CController.php(278): CController->runAction(Object(CInlineAction))
#11 E:\wamp\www\framework\web\CController.php(257): CController->runActionWithFilters(Object(CInlineAction), Array)
#12 E:\wamp\www\framework\web\CWebApplication.php(277): CController->run('')
#13 E:\wamp\www\framework\web\CWebApplication.php(136): CWebApplication->runController('gii/model')
#14 E:\wamp\www\framework\base\CApplication.php(158): CWebApplication->processRequest()
#15 E:\wamp\www\yiitest\index.php(13): CApplication->run()
#16 {main} REQUEST_URI=/yiitest/index.php?r=gii/model
2012/03/20 07:18:50 [error] [exception.CDbException] exception 'CDbException' with message 'CDbConnection failed to open the DB connection: SQLSTATE[42000] [1049] Unknown database 'jxctest'' in E:\wamp\www\framework\db\CDbConnection.php:364
Stack trace:
#0 E:\wamp\www\framework\db\CDbConnection.php(313): CDbConnection->open()
#1 E:\wamp\www\framework\db\CDbConnection.php(291): CDbConnection->setActive(true)
#2 E:\wamp\www\framework\base\CModule.php(372): CDbConnection->init()
#3 E:\wamp\www\framework\base\CModule.php(86): CModule->getComponent('db')
#4 E:\wamp\www\framework\gii\generators\model\ModelCode.php(54): CModule->__get('db')
#5 E:\wamp\www\framework\web\CFormModel.php(40): ModelCode->init()
#6 E:\wamp\www\framework\gii\CCodeGenerator.php(149): CFormModel->__construct()
#7 E:\wamp\www\framework\gii\CCodeGenerator.php(61): CCodeGenerator->prepare()
#8 E:\wamp\www\framework\web\actions\CInlineAction.php(50): CCodeGenerator->actionIndex()
#9 E:\wamp\www\framework\web\CController.php(300): CInlineAction->runWithParams(Array)
#10 E:\wamp\www\framework\web\CController.php(278): CController->runAction(Object(CInlineAction))
#11 E:\wamp\www\framework\web\CController.php(257): CController->runActionWithFilters(Object(CInlineAction), Array)
#12 E:\wamp\www\framework\web\CWebApplication.php(277): CController->run('')
#13 E:\wamp\www\framework\web\CWebApplication.php(136): CWebApplication->runController('gii/model')
#14 E:\wamp\www\framework\base\CApplication.php(158): CWebApplication->processRequest()
#15 E:\wamp\www\yiitest\index.php(13): CApplication->run()
#16 {main} REQUEST_URI=/yiitest/index.php?r=gii/model
2012/03/20 07:18:51 [error] [exception.CDbException] exception 'CDbException' with message 'CDbConnection failed to open the DB connection: SQLSTATE[42000] [1049] Unknown database 'jxctest'' in E:\wamp\www\framework\db\CDbConnection.php:364
Stack trace:
#0 E:\wamp\www\framework\db\CDbConnection.php(313): CDbConnection->open()
#1 E:\wamp\www\framework\db\CDbConnection.php(291): CDbConnection->setActive(true)
#2 E:\wamp\www\framework\base\CModule.php(372): CDbConnection->init()
#3 E:\wamp\www\framework\base\CModule.php(86): CModule->getComponent('db')
#4 E:\wamp\www\framework\gii\generators\model\ModelCode.php(54): CModule->__get('db')
#5 E:\wamp\www\framework\web\CFormModel.php(40): ModelCode->init()
#6 E:\wamp\www\framework\gii\CCodeGenerator.php(149): CFormModel->__construct()
#7 E:\wamp\www\framework\gii\CCodeGenerator.php(61): CCodeGenerator->prepare()
#8 E:\wamp\www\framework\web\actions\CInlineAction.php(50): CCodeGenerator->actionIndex()
#9 E:\wamp\www\framework\web\CController.php(300): CInlineAction->runWithParams(Array)
#10 E:\wamp\www\framework\web\CController.php(278): CController->runAction(Object(CInlineAction))
#11 E:\wamp\www\framework\web\CController.php(257): CController->runActionWithFilters(Object(CInlineAction), Array)
#12 E:\wamp\www\framework\web\CWebApplication.php(277): CController->run('')
#13 E:\wamp\www\framework\web\CWebApplication.php(136): CWebApplication->runController('gii/model')
#14 E:\wamp\www\framework\base\CApplication.php(158): CWebApplication->processRequest()
#15 E:\wamp\www\yiitest\index.php(13): CApplication->run()
#16 {main} REQUEST_URI=/yiitest/index.php?r=gii/model
2012/03/20 07:18:52 [error] [exception.CDbException] exception 'CDbException' with message 'CDbConnection failed to open the DB connection: SQLSTATE[42000] [1049] Unknown database 'jxctest'' in E:\wamp\www\framework\db\CDbConnection.php:364
Stack trace:
#0 E:\wamp\www\framework\db\CDbConnection.php(313): CDbConnection->open()
#1 E:\wamp\www\framework\db\CDbConnection.php(291): CDbConnection->setActive(true)
#2 E:\wamp\www\framework\base\CModule.php(372): CDbConnection->init()
#3 E:\wamp\www\framework\base\CModule.php(86): CModule->getComponent('db')
#4 E:\wamp\www\framework\gii\generators\model\ModelCode.php(54): CModule->__get('db')
#5 E:\wamp\www\framework\web\CFormModel.php(40): ModelCode->init()
#6 E:\wamp\www\framework\gii\CCodeGenerator.php(149): CFormModel->__construct()
#7 E:\wamp\www\framework\gii\CCodeGenerator.php(61): CCodeGenerator->prepare()
#8 E:\wamp\www\framework\web\actions\CInlineAction.php(50): CCodeGenerator->actionIndex()
#9 E:\wamp\www\framework\web\CController.php(300): CInlineAction->runWithParams(Array)
#10 E:\wamp\www\framework\web\CController.php(278): CController->runAction(Object(CInlineAction))
#11 E:\wamp\www\framework\web\CController.php(257): CController->runActionWithFilters(Object(CInlineAction), Array)
#12 E:\wamp\www\framework\web\CWebApplication.php(277): CController->run('')
#13 E:\wamp\www\framework\web\CWebApplication.php(136): CWebApplication->runController('gii/model')
#14 E:\wamp\www\framework\base\CApplication.php(158): CWebApplication->processRequest()
#15 E:\wamp\www\yiitest\index.php(13): CApplication->run()
#16 {main} REQUEST_URI=/yiitest/index.php?r=gii/model
2012/03/20 07:48:01 [error] [exception.CHttpException.404] exception 'CHttpException' with message 'Unable to resolve the request "member".' in E:\wamp\www\framework\web\CWebApplication.php:281
Stack trace:
#0 E:\wamp\www\framework\web\CWebApplication.php(136): CWebApplication->runController('member')
#1 E:\wamp\www\framework\base\CApplication.php(158): CWebApplication->processRequest()
#2 E:\wamp\www\yiitest\index.php(13): CApplication->run()
#3 {main} REQUEST_URI=/yiitest/index.php?r=member
2012/11/30 15:34:23 [error] [php] include(Acticle.php) [<a href='function.include'>function.include</a>]: failed to open stream: No such file or directory (E:\wamp\www\framework\YiiBase.php:421)
Stack trace:
#0 E:\wamp\www\yiitest\protected\controllers\ArticleController.php(8): spl_autoload_call()
#1 E:\wamp\www\framework\web\actions\CInlineAction.php(50): ArticleController->actionIndex()
#2 E:\wamp\www\framework\web\CController.php(300): CInlineAction->runWithParams()
#3 E:\wamp\www\framework\web\CController.php(278): ArticleController->runAction()
#4 E:\wamp\www\framework\web\CController.php(257): ArticleController->runActionWithFilters()
#5 E:\wamp\www\framework\web\CWebApplication.php(277): ArticleController->run()
#6 E:\wamp\www\framework\web\CWebApplication.php(136): CWebApplication->runController()
#7 E:\wamp\www\framework\base\CApplication.php(158): CWebApplication->processRequest()
#8 E:\wamp\www\yiitest\index.php(13): CWebApplication->run()
REQUEST_URI=/yiitest/index.php?r=article
in E:\wamp\www\yiitest\protected\controllers\ArticleController.php (8)
in E:\wamp\www\yiitest\index.php (13)
2012/11/30 15:39:38 [error] [php] include(Acticle.php) [<a href='function.include'>function.include</a>]: failed to open stream: No such file or directory (E:\wamp\www\framework\YiiBase.php:421)
Stack trace:
#0 E:\wamp\www\yiitest\protected\controllers\ArticleController.php(8): spl_autoload_call()
#1 E:\wamp\www\framework\web\actions\CInlineAction.php(50): ArticleController->actionIndex()
#2 E:\wamp\www\framework\web\CController.php(300): CInlineAction->runWithParams()
#3 E:\wamp\www\framework\web\CController.php(278): ArticleController->runAction()
#4 E:\wamp\www\framework\web\CController.php(257): ArticleController->runActionWithFilters()
#5 E:\wamp\www\framework\web\CWebApplication.php(277): ArticleController->run()
#6 E:\wamp\www\framework\web\CWebApplication.php(136): CWebApplication->runController()
#7 E:\wamp\www\framework\base\CApplication.php(158): CWebApplication->processRequest()
#8 E:\wamp\www\yiitest\index.php(13): CWebApplication->run()
REQUEST_URI=/yiitest/index.php?r=article
in E:\wamp\www\yiitest\protected\controllers\ArticleController.php (8)
in E:\wamp\www\yiitest\index.php (13)
2012/11/30 15:39:41 [error] [php] include(Acticle.php) [<a href='function.include'>function.include</a>]: failed to open stream: No such file or directory (E:\wamp\www\framework\YiiBase.php:421)
Stack trace:
#0 E:\wamp\www\yiitest\protected\controllers\ArticleController.php(8): spl_autoload_call()
#1 E:\wamp\www\framework\web\actions\CInlineAction.php(50): ArticleController->actionIndex()
#2 E:\wamp\www\framework\web\CController.php(300): CInlineAction->runWithParams()
#3 E:\wamp\www\framework\web\CController.php(278): ArticleController->runAction()
#4 E:\wamp\www\framework\web\CController.php(257): ArticleController->runActionWithFilters()
#5 E:\wamp\www\framework\web\CWebApplication.php(277): ArticleController->run()
#6 E:\wamp\www\framework\web\CWebApplication.php(136): CWebApplication->runController()
#7 E:\wamp\www\framework\base\CApplication.php(158): CWebApplication->processRequest()
#8 E:\wamp\www\yiitest\index.php(13): CWebApplication->run()
REQUEST_URI=/yiitest/index.php?r=article
in E:\wamp\www\yiitest\protected\controllers\ArticleController.php (8)
in E:\wamp\www\yiitest\index.php (13)
2012/11/30 15:49:58 [error] [php] include(Acticle.php) [<a href='function.include'>function.include</a>]: failed to open stream: No such file or directory (E:\wamp\www\framework\YiiBase.php:421)
Stack trace:
#0 E:\wamp\www\yiitest\protected\controllers\ArticleController.php(8): spl_autoload_call()
#1 E:\wamp\www\framework\web\actions\CInlineAction.php(50): ArticleController->actionIndex()
#2 E:\wamp\www\framework\web\CController.php(300): CInlineAction->runWithParams()
#3 E:\wamp\www\framework\web\CController.php(278): ArticleController->runAction()
#4 E:\wamp\www\framework\web\CController.php(257): ArticleController->runActionWithFilters()
#5 E:\wamp\www\framework\web\CWebApplication.php(277): ArticleController->run()
#6 E:\wamp\www\framework\web\CWebApplication.php(136): CWebApplication->runController()
#7 E:\wamp\www\framework\base\CApplication.php(158): CWebApplication->processRequest()
#8 E:\wamp\www\yiitest\index.php(13): CWebApplication->run()
REQUEST_URI=/yiitest/index.php?r=article
in E:\wamp\www\yiitest\protected\controllers\ArticleController.php (8)
in E:\wamp\www\yiitest\index.php (13)
2012/11/30 16:03:14 [error] [php] include(Mongo.php) [<a href='function.include'>function.include</a>]: failed to open stream: No such file or directory (E:\wamp\www\framework\YiiBase.php:421)
Stack trace:
#0 E:\wamp\www\yiitest\protected\extensions\YiiMongoDbSuite\EMongoDB.php(144): spl_autoload_call()
#1 E:\wamp\www\yiitest\protected\extensions\YiiMongoDbSuite\EMongoDB.php(181): EMongoDB->getConnection()
#2 E:\wamp\www\yiitest\protected\extensions\YiiMongoDbSuite\EMongoDocument.php(166): EMongoDB->getDbInstance()
#3 E:\wamp\www\yiitest\protected\extensions\YiiMongoDbSuite\EMongoDocument.php(191): Article->getDb()
#4 E:\wamp\www\yiitest\protected\extensions\YiiMongoDbSuite\EMongoDocument.php(390): Article->getCollection()
#5 E:\wamp\www\yiitest\protected\extensions\YiiMongoDbSuite\EMongoDocument.php(97): Article->init()
#6 E:\wamp\www\yiitest\protected\controllers\ArticleController.php(4): Article->__construct()
#7 E:\wamp\www\framework\web\actions\CInlineAction.php(50): ArticleController->actionIndex()
#8 E:\wamp\www\framework\web\CController.php(300): CInlineAction->runWithParams()
#9 E:\wamp\www\framework\web\CController.php(278): ArticleController->runAction()
#10 E:\wamp\www\framework\web\CController.php(257): ArticleController->runActionWithFilters()
#11 E:\wamp\www\framework\web\CWebApplication.php(277): ArticleController->run()
#12 E:\wamp\www\framework\web\CWebApplication.php(136): CWebApplication->runController()
#13 E:\wamp\www\framework\base\CApplication.php(158): CWebApplication->processRequest()
#14 E:\wamp\www\yiitest\index.php(13): CWebApplication->run()
REQUEST_URI=/yiitest/index.php?r=article
in E:\wamp\www\yiitest\protected\extensions\YiiMongoDbSuite\EMongoDB.php (144)
in E:\wamp\www\yiitest\protected\extensions\YiiMongoDbSuite\EMongoDB.php (181)
in E:\wamp\www\yiitest\protected\extensions\YiiMongoDbSuite\EMongoDocument.php (166)
2012/12/01 02:03:10 [error] [php] include(Mongo.php) [<a href='function.include'>function.include</a>]: failed to open stream: No such file or directory (E:\wamp\www\framework\YiiBase.php:421)
Stack trace:
#0 E:\wamp\www\yiitest\protected\extensions\YiiMongoDbSuite\EMongoDB.php(144): spl_autoload_call()
#1 E:\wamp\www\yiitest\protected\extensions\YiiMongoDbSuite\EMongoDB.php(181): EMongoDB->getConnection()
#2 E:\wamp\www\yiitest\protected\extensions\YiiMongoDbSuite\EMongoDocument.php(166): EMongoDB->getDbInstance()
#3 E:\wamp\www\yiitest\protected\extensions\YiiMongoDbSuite\EMongoDocument.php(191): Article->getDb()
#4 E:\wamp\www\yiitest\protected\extensions\YiiMongoDbSuite\EMongoDocument.php(823): Article->getCollection()
#5 E:\wamp\www\yiitest\protected\controllers\ArticleController.php(8): Article->find()
#6 E:\wamp\www\framework\web\actions\CInlineAction.php(50): ArticleController->actionIndex()
#7 E:\wamp\www\framework\web\CController.php(300): CInlineAction->runWithParams()
#8 E:\wamp\www\framework\web\CController.php(278): ArticleController->runAction()
#9 E:\wamp\www\framework\web\CController.php(257): ArticleController->runActionWithFilters()
#10 E:\wamp\www\framework\web\CWebApplication.php(277): ArticleController->run()
#11 E:\wamp\www\framework\web\CWebApplication.php(136): CWebApplication->runController()
#12 E:\wamp\www\framework\base\CApplication.php(158): CWebApplication->processRequest()
#13 E:\wamp\www\yiitest\index.php(13): CWebApplication->run()
REQUEST_URI=/yiitest/index.php?r=article
in E:\wamp\www\yiitest\protected\extensions\YiiMongoDbSuite\EMongoDB.php (144)
in E:\wamp\www\yiitest\protected\extensions\YiiMongoDbSuite\EMongoDB.php (181)
in E:\wamp\www\yiitest\protected\extensions\YiiMongoDbSuite\EMongoDocument.php (166)
2012/12/01 02:09:14 [error] [php] include(Mongo.php) [<a href='function.include'>function.include</a>]: failed to open stream: No such file or directory (E:\wamp\www\framework\YiiBase.php:421)
Stack trace:
#0 E:\wamp\www\yiitest\protected\extensions\YiiMongoDbSuite\EMongoDB.php(144): spl_autoload_call()
#1 E:\wamp\www\yiitest\protected\extensions\YiiMongoDbSuite\EMongoDB.php(181): EMongoDB->getConnection()
#2 E:\wamp\www\yiitest\protected\extensions\YiiMongoDbSuite\EMongoDocument.php(166): EMongoDB->getDbInstance()
#3 E:\wamp\www\yiitest\protected\extensions\YiiMongoDbSuite\EMongoDocument.php(191): Article->getDb()
#4 E:\wamp\www\yiitest\protected\extensions\YiiMongoDbSuite\EMongoDocument.php(823): Article->getCollection()
#5 E:\wamp\www\yiitest\protected\controllers\ArticleController.php(8): Article->find()
#6 E:\wamp\www\framework\web\actions\CInlineAction.php(50): ArticleController->actionIndex()
#7 E:\wamp\www\framework\web\CController.php(300): CInlineAction->runWithParams()
#8 E:\wamp\www\framework\web\CController.php(278): ArticleController->runAction()
#9 E:\wamp\www\framework\web\CController.php(257): ArticleController->runActionWithFilters()
#10 E:\wamp\www\framework\web\CWebApplication.php(277): ArticleController->run()
#11 E:\wamp\www\framework\web\CWebApplication.php(136): CWebApplication->runController()
#12 E:\wamp\www\framework\base\CApplication.php(158): CWebApplication->processRequest()
#13 E:\wamp\www\yiitest\index.php(13): CWebApplication->run()
REQUEST_URI=/yiitest/index.php?r=article
in E:\wamp\www\yiitest\protected\extensions\YiiMongoDbSuite\EMongoDB.php (144)
in E:\wamp\www\yiitest\protected\extensions\YiiMongoDbSuite\EMongoDB.php (181)
in E:\wamp\www\yiitest\protected\extensions\YiiMongoDbSuite\EMongoDocument.php (166)
2012/12/01 02:15:12 [error] [php] include(Mongo.php) [<a href='function.include'>function.include</a>]: failed to open stream: No such file or directory (E:\wamp\www\framework\YiiBase.php:421)
Stack trace:
#0 E:\wamp\www\yiitest\protected\extensions\YiiMongoDbSuite\EMongoDB.php(144): spl_autoload_call()
#1 E:\wamp\www\yiitest\protected\extensions\YiiMongoDbSuite\EMongoDB.php(181): EMongoDB->getConnection()
#2 E:\wamp\www\yiitest\protected\extensions\YiiMongoDbSuite\EMongoDocument.php(166): EMongoDB->getDbInstance()
#3 E:\wamp\www\yiitest\protected\extensions\YiiMongoDbSuite\EMongoDocument.php(191): Article->getDb()
#4 E:\wamp\www\yiitest\protected\extensions\YiiMongoDbSuite\EMongoDocument.php(823): Article->getCollection()
#5 E:\wamp\www\yiitest\protected\controllers\ArticleController.php(8): Article->find()
#6 E:\wamp\www\framework\web\actions\CInlineAction.php(50): ArticleController->actionIndex()
#7 E:\wamp\www\framework\web\CController.php(300): CInlineAction->runWithParams()
#8 E:\wamp\www\framework\web\CController.php(278): ArticleController->runAction()
#9 E:\wamp\www\framework\web\CController.php(257): ArticleController->runActionWithFilters()
#10 E:\wamp\www\framework\web\CWebApplication.php(277): ArticleController->run()
#11 E:\wamp\www\framework\web\CWebApplication.php(136): CWebApplication->runController()
#12 E:\wamp\www\framework\base\CApplication.php(158): CWebApplication->processRequest()
#13 E:\wamp\www\yiitest\index.php(13): CWebApplication->run()
REQUEST_URI=/yiitest/index.php?r=article
in E:\wamp\www\yiitest\protected\extensions\YiiMongoDbSuite\EMongoDB.php (144)
in E:\wamp\www\yiitest\protected\extensions\YiiMongoDbSuite\EMongoDB.php (181)
in E:\wamp\www\yiitest\protected\extensions\YiiMongoDbSuite\EMongoDocument.php (166)
2012/12/01 02:16:28 [error] [php] include(Mongo.php) [<a href='function.include'>function.include</a>]: failed to open stream: No such file or directory (E:\wamp\www\framework\YiiBase.php:421)
Stack trace:
#0 E:\wamp\www\yiitest\protected\extensions\YiiMongoDbSuite\EMongoDB.php(144): spl_autoload_call()
#1 E:\wamp\www\yiitest\protected\extensions\YiiMongoDbSuite\EMongoDB.php(181): EMongoDB->getConnection()
#2 E:\wamp\www\yiitest\protected\extensions\YiiMongoDbSuite\EMongoDocument.php(166): EMongoDB->getDbInstance()
#3 E:\wamp\www\yiitest\protected\extensions\YiiMongoDbSuite\EMongoDocument.php(191): Article->getDb()
#4 E:\wamp\www\yiitest\protected\extensions\YiiMongoDbSuite\EMongoDocument.php(823): Article->getCollection()
#5 E:\wamp\www\yiitest\protected\controllers\ArticleController.php(8): Article->find()
#6 E:\wamp\www\framework\web\actions\CInlineAction.php(50): ArticleController->actionIndex()
#7 E:\wamp\www\framework\web\CController.php(300): CInlineAction->runWithParams()
#8 E:\wamp\www\framework\web\CController.php(278): ArticleController->runAction()
#9 E:\wamp\www\framework\web\CController.php(257): ArticleController->runActionWithFilters()
#10 E:\wamp\www\framework\web\CWebApplication.php(277): ArticleController->run()
#11 E:\wamp\www\framework\web\CWebApplication.php(136): CWebApplication->runController()
#12 E:\wamp\www\framework\base\CApplication.php(158): CWebApplication->processRequest()
#13 E:\wamp\www\yiitest\index.php(13): CWebApplication->run()
REQUEST_URI=/yiitest/index.php?r=article
in E:\wamp\www\yiitest\protected\extensions\YiiMongoDbSuite\EMongoDB.php (144)
in E:\wamp\www\yiitest\protected\extensions\YiiMongoDbSuite\EMongoDB.php (181)
in E:\wamp\www\yiitest\protected\extensions\YiiMongoDbSuite\EMongoDocument.php (166)
2012/12/01 02:18:31 [error] [php] include(Mongo.php) [<a href='function.include'>function.include</a>]: failed to open stream: No such file or directory (E:\wamp\www\framework\YiiBase.php:421)
Stack trace:
#0 E:\wamp\www\yiitest\protected\extensions\YiiMongoDbSuite\EMongoDB.php(144): spl_autoload_call()
#1 E:\wamp\www\yiitest\protected\extensions\YiiMongoDbSuite\EMongoDB.php(181): EMongoDB->getConnection()
#2 E:\wamp\www\yiitest\protected\extensions\YiiMongoDbSuite\EMongoDocument.php(166): EMongoDB->getDbInstance()
#3 E:\wamp\www\yiitest\protected\extensions\YiiMongoDbSuite\EMongoDocument.php(191): Article->getDb()
#4 E:\wamp\www\yiitest\protected\extensions\YiiMongoDbSuite\EMongoDocument.php(823): Article->getCollection()
#5 E:\wamp\www\yiitest\protected\controllers\ArticleController.php(8): Article->find()
#6 E:\wamp\www\framework\web\actions\CInlineAction.php(50): ArticleController->actionIndex()
#7 E:\wamp\www\framework\web\CController.php(300): CInlineAction->runWithParams()
#8 E:\wamp\www\framework\web\CController.php(278): ArticleController->runAction()
#9 E:\wamp\www\framework\web\CController.php(257): ArticleController->runActionWithFilters()
#10 E:\wamp\www\framework\web\CWebApplication.php(277): ArticleController->run()
#11 E:\wamp\www\framework\web\CWebApplication.php(136): CWebApplication->runController()
#12 E:\wamp\www\framework\base\CApplication.php(158): CWebApplication->processRequest()
#13 E:\wamp\www\yiitest\index.php(13): CWebApplication->run()
REQUEST_URI=/yiitest/index.php?r=article
in E:\wamp\www\yiitest\protected\extensions\YiiMongoDbSuite\EMongoDB.php (144)
in E:\wamp\www\yiitest\protected\extensions\YiiMongoDbSuite\EMongoDB.php (181)
in E:\wamp\www\yiitest\protected\extensions\YiiMongoDbSuite\EMongoDocument.php (166)
2012/12/01 02:28:28 [error] [php] include(Mongo.php) [<a href='function.include'>function.include</a>]: failed to open stream: No such file or directory (E:\wamp\www\framework\YiiBase.php:421)
Stack trace:
#0 E:\wamp\www\yiitest\protected\extensions\YiiMongoDbSuite\EMongoDB.php(144): spl_autoload_call()
#1 E:\wamp\www\yiitest\protected\extensions\YiiMongoDbSuite\EMongoDB.php(181): EMongoDB->getConnection()
#2 E:\wamp\www\yiitest\protected\extensions\YiiMongoDbSuite\EMongoDocument.php(166): EMongoDB->getDbInstance()
#3 E:\wamp\www\yiitest\protected\extensions\YiiMongoDbSuite\EMongoDocument.php(191): Article->getDb()
#4 E:\wamp\www\yiitest\protected\extensions\YiiMongoDbSuite\EMongoDocument.php(823): Article->getCollection()
#5 E:\wamp\www\yiitest\protected\controllers\ArticleController.php(8): Article->find()
#6 E:\wamp\www\framework\web\actions\CInlineAction.php(50): ArticleController->actionIndex()
#7 E:\wamp\www\framework\web\CController.php(300): CInlineAction->runWithParams()
#8 E:\wamp\www\framework\web\CController.php(278): ArticleController->runAction()
#9 E:\wamp\www\framework\web\CController.php(257): ArticleController->runActionWithFilters()
#10 E:\wamp\www\framework\web\CWebApplication.php(277): ArticleController->run()
#11 E:\wamp\www\framework\web\CWebApplication.php(136): CWebApplication->runController()
#12 E:\wamp\www\framework\base\CApplication.php(158): CWebApplication->processRequest()
#13 E:\wamp\www\yiitest\index.php(13): CWebApplication->run()
REQUEST_URI=/yiitest/index.php?r=article
in E:\wamp\www\yiitest\protected\extensions\YiiMongoDbSuite\EMongoDB.php (144)
in E:\wamp\www\yiitest\protected\extensions\YiiMongoDbSuite\EMongoDB.php (181)
in E:\wamp\www\yiitest\protected\extensions\YiiMongoDbSuite\EMongoDocument.php (166)
2012/12/01 02:28:29 [error] [php] include(Mongo.php) [<a href='function.include'>function.include</a>]: failed to open stream: No such file or directory (E:\wamp\www\framework\YiiBase.php:421)
Stack trace:
#0 E:\wamp\www\yiitest\protected\extensions\YiiMongoDbSuite\EMongoDB.php(144): spl_autoload_call()
#1 E:\wamp\www\yiitest\protected\extensions\YiiMongoDbSuite\EMongoDB.php(181): EMongoDB->getConnection()
#2 E:\wamp\www\yiitest\protected\extensions\YiiMongoDbSuite\EMongoDocument.php(166): EMongoDB->getDbInstance()
#3 E:\wamp\www\yiitest\protected\extensions\YiiMongoDbSuite\EMongoDocument.php(191): Article->getDb()
#4 E:\wamp\www\yiitest\protected\extensions\YiiMongoDbSuite\EMongoDocument.php(823): Article->getCollection()
#5 E:\wamp\www\yiitest\protected\controllers\ArticleController.php(8): Article->find()
#6 E:\wamp\www\framework\web\actions\CInlineAction.php(50): ArticleController->actionIndex()
#7 E:\wamp\www\framework\web\CController.php(300): CInlineAction->runWithParams()
#8 E:\wamp\www\framework\web\CController.php(278): ArticleController->runAction()
#9 E:\wamp\www\framework\web\CController.php(257): ArticleController->runActionWithFilters()
#10 E:\wamp\www\framework\web\CWebApplication.php(277): ArticleController->run()
#11 E:\wamp\www\framework\web\CWebApplication.php(136): CWebApplication->runController()
#12 E:\wamp\www\framework\base\CApplication.php(158): CWebApplication->processRequest()
#13 E:\wamp\www\yiitest\index.php(13): CWebApplication->run()
REQUEST_URI=/yiitest/index.php?r=article
in E:\wamp\www\yiitest\protected\extensions\YiiMongoDbSuite\EMongoDB.php (144)
in E:\wamp\www\yiitest\protected\extensions\YiiMongoDbSuite\EMongoDB.php (181)
in E:\wamp\www\yiitest\protected\extensions\YiiMongoDbSuite\EMongoDocument.php (166)
2012/12/01 02:29:44 [error] [php] include(Mongo.php) [<a href='function.include'>function.include</a>]: failed to open stream: No such file or directory (E:\wamp\www\framework\YiiBase.php:421)
Stack trace:
#0 E:\wamp\www\yiitest\protected\extensions\YiiMongoDbSuite\EMongoDB.php(144): spl_autoload_call()
#1 E:\wamp\www\yiitest\protected\extensions\YiiMongoDbSuite\EMongoDB.php(181): EMongoDB->getConnection()
#2 E:\wamp\www\yiitest\protected\extensions\YiiMongoDbSuite\EMongoDocument.php(166): EMongoDB->getDbInstance()
#3 E:\wamp\www\yiitest\protected\extensions\YiiMongoDbSuite\EMongoDocument.php(191): Article->getDb()
#4 E:\wamp\www\yiitest\protected\extensions\YiiMongoDbSuite\EMongoDocument.php(823): Article->getCollection()
#5 E:\wamp\www\yiitest\protected\controllers\ArticleController.php(8): Article->find()
#6 E:\wamp\www\framework\web\actions\CInlineAction.php(50): ArticleController->actionIndex()
#7 E:\wamp\www\framework\web\CController.php(300): CInlineAction->runWithParams()
#8 E:\wamp\www\framework\web\CController.php(278): ArticleController->runAction()
#9 E:\wamp\www\framework\web\CController.php(257): ArticleController->runActionWithFilters()
#10 E:\wamp\www\framework\web\CWebApplication.php(277): ArticleController->run()
#11 E:\wamp\www\framework\web\CWebApplication.php(136): CWebApplication->runController()
#12 E:\wamp\www\framework\base\CApplication.php(158): CWebApplication->processRequest()
#13 E:\wamp\www\yiitest\index.php(13): CWebApplication->run()
REQUEST_URI=/yiitest/index.php?r=article
in E:\wamp\www\yiitest\protected\extensions\YiiMongoDbSuite\EMongoDB.php (144)
in E:\wamp\www\yiitest\protected\extensions\YiiMongoDbSuite\EMongoDB.php (181)
in E:\wamp\www\yiitest\protected\extensions\YiiMongoDbSuite\EMongoDocument.php (166)
2012/12/01 02:29:45 [error] [php] include(Mongo.php) [<a href='function.include'>function.include</a>]: failed to open stream: No such file or directory (E:\wamp\www\framework\YiiBase.php:421)
Stack trace:
#0 E:\wamp\www\yiitest\protected\extensions\YiiMongoDbSuite\EMongoDB.php(144): spl_autoload_call()
#1 E:\wamp\www\yiitest\protected\extensions\YiiMongoDbSuite\EMongoDB.php(181): EMongoDB->getConnection()
#2 E:\wamp\www\yiitest\protected\extensions\YiiMongoDbSuite\EMongoDocument.php(166): EMongoDB->getDbInstance()
#3 E:\wamp\www\yiitest\protected\extensions\YiiMongoDbSuite\EMongoDocument.php(191): Article->getDb()
#4 E:\wamp\www\yiitest\protected\extensions\YiiMongoDbSuite\EMongoDocument.php(823): Article->getCollection()
#5 E:\wamp\www\yiitest\protected\controllers\ArticleController.php(8): Article->find()
#6 E:\wamp\www\framework\web\actions\CInlineAction.php(50): ArticleController->actionIndex()
#7 E:\wamp\www\framework\web\CController.php(300): CInlineAction->runWithParams()
#8 E:\wamp\www\framework\web\CController.php(278): ArticleController->runAction()
#9 E:\wamp\www\framework\web\CController.php(257): ArticleController->runActionWithFilters()
#10 E:\wamp\www\framework\web\CWebApplication.php(277): ArticleController->run()
#11 E:\wamp\www\framework\web\CWebApplication.php(136): CWebApplication->runController()
#12 E:\wamp\www\framework\base\CApplication.php(158): CWebApplication->processRequest()
#13 E:\wamp\www\yiitest\index.php(13): CWebApplication->run()
REQUEST_URI=/yiitest/index.php?r=article
in E:\wamp\www\yiitest\protected\extensions\YiiMongoDbSuite\EMongoDB.php (144)
in E:\wamp\www\yiitest\protected\extensions\YiiMongoDbSuite\EMongoDB.php (181)
in E:\wamp\www\yiitest\protected\extensions\YiiMongoDbSuite\EMongoDocument.php (166)
2012/12/01 02:34:31 [error] [php] include(Mongo.php) [<a href='function.include'>function.include</a>]: failed to open stream: No such file or directory (E:\wamp\www\framework\YiiBase.php:421)
Stack trace:
#0 E:\wamp\www\yiitest\protected\extensions\YiiMongoDbSuite\EMongoDB.php(144): spl_autoload_call()
#1 E:\wamp\www\yiitest\protected\extensions\YiiMongoDbSuite\EMongoDB.php(181): EMongoDB->getConnection()
#2 E:\wamp\www\yiitest\protected\extensions\YiiMongoDbSuite\EMongoDocument.php(166): EMongoDB->getDbInstance()
#3 E:\wamp\www\yiitest\protected\extensions\YiiMongoDbSuite\EMongoDocument.php(191): Article->getDb()
#4 E:\wamp\www\yiitest\protected\extensions\YiiMongoDbSuite\EMongoDocument.php(823): Article->getCollection()
#5 E:\wamp\www\yiitest\protected\controllers\ArticleController.php(8): Article->find()
#6 E:\wamp\www\framework\web\actions\CInlineAction.php(50): ArticleController->actionIndex()
#7 E:\wamp\www\framework\web\CController.php(300): CInlineAction->runWithParams()
#8 E:\wamp\www\framework\web\CController.php(278): ArticleController->runAction()
#9 E:\wamp\www\framework\web\CController.php(257): ArticleController->runActionWithFilters()
#10 E:\wamp\www\framework\web\CWebApplication.php(277): ArticleController->run()
#11 E:\wamp\www\framework\web\CWebApplication.php(136): CWebApplication->runController()
#12 E:\wamp\www\framework\base\CApplication.php(158): CWebApplication->processRequest()
#13 E:\wamp\www\yiitest\index.php(13): CWebApplication->run()
REQUEST_URI=/yiitest/index.php?r=article
in E:\wamp\www\yiitest\protected\extensions\YiiMongoDbSuite\EMongoDB.php (144)
in E:\wamp\www\yiitest\protected\extensions\YiiMongoDbSuite\EMongoDB.php (181)
in E:\wamp\www\yiitest\protected\extensions\YiiMongoDbSuite\EMongoDocument.php (166)
2012/12/01 02:35:12 [error] [php] include(Mongo.php) [<a href='function.include'>function.include</a>]: failed to open stream: No such file or directory (E:\wamp\www\framework\YiiBase.php:421)
Stack trace:
#0 E:\wamp\www\yiitest\protected\extensions\YiiMongoDbSuite\EMongoDB.php(144): spl_autoload_call()
#1 E:\wamp\www\yiitest\protected\extensions\YiiMongoDbSuite\EMongoDB.php(181): EMongoDB->getConnection()
#2 E:\wamp\www\yiitest\protected\extensions\YiiMongoDbSuite\EMongoDocument.php(166): EMongoDB->getDbInstance()
#3 E:\wamp\www\yiitest\protected\extensions\YiiMongoDbSuite\EMongoDocument.php(191): Article->getDb()
#4 E:\wamp\www\yiitest\protected\extensions\YiiMongoDbSuite\EMongoDocument.php(823): Article->getCollection()
#5 E:\wamp\www\yiitest\protected\controllers\ArticleController.php(8): Article->find()
#6 E:\wamp\www\framework\web\actions\CInlineAction.php(50): ArticleController->actionIndex()
#7 E:\wamp\www\framework\web\CController.php(300): CInlineAction->runWithParams()
#8 E:\wamp\www\framework\web\CController.php(278): ArticleController->runAction()
#9 E:\wamp\www\framework\web\CController.php(257): ArticleController->runActionWithFilters()
#10 E:\wamp\www\framework\web\CWebApplication.php(277): ArticleController->run()
#11 E:\wamp\www\framework\web\CWebApplication.php(136): CWebApplication->runController()
#12 E:\wamp\www\framework\base\CApplication.php(158): CWebApplication->processRequest()
#13 E:\wamp\www\yiitest\index.php(13): CWebApplication->run()
REQUEST_URI=/yiitest/index.php?r=article
in E:\wamp\www\yiitest\protected\extensions\YiiMongoDbSuite\EMongoDB.php (144)
in E:\wamp\www\yiitest\protected\extensions\YiiMongoDbSuite\EMongoDB.php (181)
in E:\wamp\www\yiitest\protected\extensions\YiiMongoDbSuite\EMongoDocument.php (166)
2012/12/01 02:52:41 [error] [exception.EMongoException] exception 'EMongoException' with message 'EMongoDB failed to open connection: connecting to mongodb://localhost failed: Unknown error' in E:\wamp\www\yiitest\protected\extensions\YiiMongoDbSuite\EMongoDB.php:152
Stack trace:
#0 E:\wamp\www\yiitest\protected\extensions\YiiMongoDbSuite\EMongoDB.php(181): EMongoDB->getConnection()
#1 E:\wamp\www\yiitest\protected\extensions\YiiMongoDbSuite\EMongoDocument.php(166): EMongoDB->getDbInstance()
#2 E:\wamp\www\yiitest\protected\extensions\YiiMongoDbSuite\EMongoDocument.php(191): EMongoDocument->getDb()
#3 E:\wamp\www\yiitest\protected\extensions\YiiMongoDbSuite\EMongoDocument.php(390): EMongoDocument->getCollection()
#4 E:\wamp\www\yiitest\protected\extensions\YiiMongoDbSuite\EMongoDocument.php(97): EMongoDocument->init()
#5 E:\wamp\www\yiitest\protected\controllers\ArticleController.php(4): EMongoDocument->__construct()
#6 E:\wamp\www\framework\web\actions\CInlineAction.php(50): ArticleController->actionIndex()
#7 E:\wamp\www\framework\web\CController.php(300): CInlineAction->runWithParams(Array)
#8 E:\wamp\www\framework\web\CController.php(278): CController->runAction(Object(CInlineAction))
#9 E:\wamp\www\framework\web\CController.php(257): CController->runActionWithFilters(Object(CInlineAction), Array)
#10 E:\wamp\www\framework\web\CWebApplication.php(277): CController->run('')
#11 E:\wamp\www\framework\web\CWebApplication.php(136): CWebApplication->runController('article')
#12 E:\wamp\www\framework\base\CApplication.php(158): CWebApplication->processRequest()
#13 E:\wamp\www\yiitest\index.php(13): CApplication->run()
#14 {main} REQUEST_URI=/yiitest/index.php?r=article
2012/12/01 02:53:50 [error] [exception.EMongoException] exception 'EMongoException' with message 'EMongoDB failed to open connection: connecting to mongodb://localhost failed: Unknown error' in E:\wamp\www\yiitest\protected\extensions\YiiMongoDbSuite\EMongoDB.php:152
Stack trace:
#0 E:\wamp\www\yiitest\protected\extensions\YiiMongoDbSuite\EMongoDB.php(181): EMongoDB->getConnection()
#1 E:\wamp\www\yiitest\protected\extensions\YiiMongoDbSuite\EMongoDocument.php(166): EMongoDB->getDbInstance()
#2 E:\wamp\www\yiitest\protected\extensions\YiiMongoDbSuite\EMongoDocument.php(191): EMongoDocument->getDb()
#3 E:\wamp\www\yiitest\protected\extensions\YiiMongoDbSuite\EMongoDocument.php(390): EMongoDocument->getCollection()
#4 E:\wamp\www\yiitest\protected\extensions\YiiMongoDbSuite\EMongoDocument.php(97): EMongoDocument->init()
#5 E:\wamp\www\yiitest\protected\controllers\ArticleController.php(4): EMongoDocument->__construct()
#6 E:\wamp\www\framework\web\actions\CInlineAction.php(50): ArticleController->actionIndex()
#7 E:\wamp\www\framework\web\CController.php(300): CInlineAction->runWithParams(Array)
#8 E:\wamp\www\framework\web\CController.php(278): CController->runAction(Object(CInlineAction))
#9 E:\wamp\www\framework\web\CController.php(257): CController->runActionWithFilters(Object(CInlineAction), Array)
#10 E:\wamp\www\framework\web\CWebApplication.php(277): CController->run('')
#11 E:\wamp\www\framework\web\CWebApplication.php(136): CWebApplication->runController('article')
#12 E:\wamp\www\framework\base\CApplication.php(158): CWebApplication->processRequest()
#13 E:\wamp\www\yiitest\index.php(13): CApplication->run()
#14 {main} REQUEST_URI=/yiitest/index.php?r=article
2012/12/01 03:29:35 [error] [php] Attempt to assign property of non-object (E:\wamp\www\yiitest\protected\controllers\ArticleController.php:17)
Stack trace:
#0 E:\wamp\www\framework\web\CController.php(278): ArticleController->runAction()
#1 E:\wamp\www\framework\web\CController.php(257): ArticleController->runActionWithFilters()
#2 E:\wamp\www\framework\web\CWebApplication.php(277): ArticleController->run()
#3 E:\wamp\www\framework\web\CWebApplication.php(136): CWebApplication->runController()
#4 E:\wamp\www\framework\base\CApplication.php(158): CWebApplication->processRequest()
#5 E:\wamp\www\yiitest\index.php(13): CWebApplication->run()
REQUEST_URI=/yiitest/index.php?r=article
in E:\wamp\www\yiitest\protected\controllers\ArticleController.php (17)
in E:\wamp\www\yiitest\index.php (13)
2012/12/01 03:31:25 [error] [php] Attempt to assign property of non-object (E:\wamp\www\yiitest\protected\controllers\ArticleController.php:19)
Stack trace:
#0 E:\wamp\www\framework\web\CController.php(278): ArticleController->runAction()
#1 E:\wamp\www\framework\web\CController.php(257): ArticleController->runActionWithFilters()
#2 E:\wamp\www\framework\web\CWebApplication.php(277): ArticleController->run()
#3 E:\wamp\www\framework\web\CWebApplication.php(136): CWebApplication->runController()
#4 E:\wamp\www\framework\base\CApplication.php(158): CWebApplication->processRequest()
#5 E:\wamp\www\yiitest\index.php(13): CWebApplication->run()
REQUEST_URI=/yiitest/index.php?r=article
in E:\wamp\www\yiitest\protected\controllers\ArticleController.php (19)
in E:\wamp\www\yiitest\index.php (13)
